<?xml version="1.0" encoding="UTF-8"?>
<testng-results skipped="0" failed="0" ignored="0" total="3" passed="3">
  <reporter-output>
  </reporter-output>
  <suite name="Default suite" duration-ms="62" started-at="2018-03-14T08:44:14Z" finished-at="2018-03-14T08:44:14Z">
    <groups>
    </groups>
    <test name="Default test" duration-ms="62" started-at="2018-03-14T08:44:14Z" finished-at="2018-03-14T08:44:14Z">
      <class name="jse.GetMultipleData">
        <test-method status="PASS" signature="f(java.lang.Integer, java.lang.String)[pri:0, instance:jse.GetMultipleData@42f93a98]" name="f" duration-ms="13" started-at="2018-03-14T08:44:14Z" data-provider="dp" finished-at="2018-03-14T08:44:14Z">
          <params>
            <param index="0">
              <value>
                <![CDATA[1]]>
              </value>
            </param>
            <param index="1">
              <value>
                <![CDATA[a]]>
              </value>
            </param>
          </params>
          <reporter-output>
          </reporter-output>
        </test-method> <!-- f -->
        <test-method status="PASS" signature="f(java.lang.Integer, java.lang.String)[pri:0, instance:jse.GetMultipleData@42f93a98]" name="f" duration-ms="3" started-at="2018-03-14T08:44:14Z" data-provider="dp" finished-at="2018-03-14T08:44:14Z">
          <params>
            <param index="0">
              <value>
                <![CDATA[2]]>
              </value>
            </param>
            <param index="1">
              <value>
                <![CDATA[b]]>
              </value>
            </param>
          </params>
          <reporter-output>
          </reporter-output>
        </test-method> <!-- f -->
        <test-method status="PASS" signature="f(java.lang.Integer, java.lang.String)[pri:0, instance:jse.GetMultipleData@42f93a98]" name="f" duration-ms="3" started-at="2018-03-14T08:44:14Z" data-provider="dp" finished-at="2018-03-14T08:44:14Z">
          <params>
            <param index="0">
              <value>
                <![CDATA[3]]>
              </value>
            </param>
            <param index="1">
              <value>
                <![CDATA[c]]>
              </value>
            </param>
          </params>
          <reporter-output>
          </reporter-output>
        </test-method> <!-- f -->
      </class> <!-- jse.GetMultipleData -->
    </test> <!-- Default test -->
  </suite> <!-- Default suite -->
</testng-results>
